[2026-03-15 15:10:35,514] multiqc                                            [DEBUG  ]  This is MultiQC v1.19 (a984b08)
[2026-03-15 15:10:35,515] multiqc                                            [DEBUG  ]  Command used: /home/focyte/miniconda3/envs/RNASeq/bin/multiqc -o multiqc_reports 03_fastqc_posttrim
[2026-03-15 15:10:35,977] multiqc                                            [WARNING]  MultiQC Version v1.33 now available!
[2026-03-15 15:10:35,977] multiqc                                            [DEBUG  ]  Working dir : /home/focyte/rnaseq-pipeline
[2026-03-15 15:10:35,977] multiqc                                            [DEBUG  ]  Template    : default
[2026-03-15 15:10:35,977] multiqc                                            [DEBUG  ]  Running Python 3.12.8 | packaged by conda-forge | (main, Dec  5 2024, 14:24:40) [GCC 13.3.0]
[2026-03-15 15:10:35,977] multiqc                                            [DEBUG  ]  Analysing modules: custom_content, ccs, ngsderive, purple, conpair, lima, peddy, somalier, methylQA, mosdepth, phantompeakqualtools, qualimap, preseq, hifiasm, quast, qorts, rna_seqc, rockhopper, rsem, rseqc, busco, bustools, goleft_indexcov, gffcompare, disambiguate, supernova, deeptools, sargasso, verifybamid, mirtrace, happy, mirtop, sambamba, gopeaks, homer, hops, macs2, theta2, snpeff, gatk, htseq, bcftools, featureCounts, fgbio, dragen, dragen_fastqc, dedup, pbmarkdup, damageprofiler, mapdamage, biobambam2, jcvi, mtnucratio, picard, vep, bakta, prokka, qc3C, nanostat, samblaster, samtools, sexdeterrmine, seqera_cli, eigenstratdatabasetools, bamtools, jellyfish, vcftools, longranger, stacks, varscan2, snippy, umitools, truvari, bbmap, bismark, biscuit, diamond, hicexplorer, hicup, hicpro, salmon, kallisto, slamdunk, star, hisat2, tophat, bowtie2, bowtie1, cellranger, snpsplit, odgi, pangolin, nextclade, freyja, humid, kat, leehom, librarian, adapterRemoval, bbduk, clipandmerge, cutadapt, flexbar, sourmash, kaiju, bracken, kraken, malt, motus, trimmomatic, sickle, skewer, sortmerna, biobloomtools, fastq_screen, afterqc, fastp, fastqc, filtlong, prinseqplusplus, pychopper, porechop, pycoqc, minionqc, anglerfish, multivcfanalyzer, clusterflow, checkqc, bcl2fastq, bclconvert, interop, ivar, flash, seqyclean, optitype, whatshap, xenome, xengsort
[2026-03-15 15:10:35,978] multiqc                                            [DEBUG  ]  Using temporary directory for creating report: /tmp/tmpvsberoa6
[2026-03-15 15:10:35,980] multiqc                                            [INFO   ]  Search path : /home/focyte/rnaseq-pipeline/03_fastqc_posttrim
[2026-03-15 15:10:36,126] multiqc                                            [DEBUG  ]  Summary of files that were skipped by the search: [skipped_module_specific_max_filesize: 156] // [skipped_no_match: 12]
[2026-03-15 15:10:36,469] multiqc.plots.bargraph                             [DEBUG  ]  Using matplotlib version 3.10.0
[2026-03-15 15:10:36,472] multiqc.plots.linegraph                            [DEBUG  ]  Using matplotlib version 3.10.0
[2026-03-15 15:10:36,473] multiqc                                            [DEBUG  ]  No samples found: custom_content
[2026-03-15 15:10:37,165] multiqc.modules.fastqc.fastqc                      [INFO   ]  Found 12 reports
[2026-03-15 15:10:37,190] multiqc.utils.software_versions                    [DEBUG  ]  Reading software versions from config.software_versions
[2026-03-15 15:10:37,199] multiqc                                            [DEBUG  ]  Compressing plot data
[2026-03-15 15:10:37,267] multiqc                                            [INFO   ]  Existing reports found, adding suffix to filenames. Use '--force' to overwrite.
[2026-03-15 15:10:37,268] multiqc                                            [INFO   ]  Report      : multiqc_reports/multiqc_report_1.html
[2026-03-15 15:10:37,268] multiqc                                            [INFO   ]  Data        : multiqc_reports/multiqc_data_1
[2026-03-15 15:10:37,268] multiqc                                            [DEBUG  ]  Moving data file from '/tmp/tmpvsberoa6/multiqc_data' to 'multiqc_reports/multiqc_data_1'
[2026-03-15 15:10:37,270] multiqc                                            [DEBUG  ]  Full report path: /home/focyte/rnaseq-pipeline/multiqc_reports/multiqc_report_1.html
[2026-03-15 15:10:37,367] multiqc                                            [INFO   ]  MultiQC complete
